{"/Volumes/ACASIS BIWIN 1TB/Personal/Projects/chesteralan.github.io/src/App.tsx": {"path":"/Volumes/ACASIS BIWIN 1TB/Personal/Projects/chesteralan.github.io/src/App.tsx","statementMap":{"0":{"start":{"line":12,"column":2},"end":{"line":24,"column":null}}},"fnMap":{"0":{"name":"App","decl":{"start":{"line":11,"column":9},"end":{"line":11,"column":15}},"loc":{"start":{"line":11,"column":15},"end":{"line":26,"column":null}},"line":11}},"branchMap":{},"s":{"0":2},"f":{"0":2},"b":{},"meta":{"lastBranch":0,"lastFunction":1,"lastStatement":1,"seen":{"f:11:9:11:15":0,"s:12:2:24:Infinity":0},"fnNames":{}}}
,"/Volumes/ACASIS BIWIN 1TB/Personal/Projects/chesteralan.github.io/src/components/Footer.tsx": {"path":"/Volumes/ACASIS BIWIN 1TB/Personal/Projects/chesteralan.github.io/src/components/Footer.tsx","statementMap":{"0":{"start":{"line":5,"column":22},"end":{"line":5,"column":null}},"1":{"start":{"line":7,"column":2},"end":{"line":92,"column":null}},"2":{"start":{"line":35,"column":16},"end":{"line":42,"column":null}}},"fnMap":{"0":{"name":"Footer","decl":{"start":{"line":4,"column":24},"end":{"line":4,"column":33}},"loc":{"start":{"line":4,"column":33},"end":{"line":94,"column":null}},"line":4},"1":{"name":"(anonymous_1)","decl":{"start":{"line":34,"column":16},"end":{"line":34,"column":21}},"loc":{"start":{"line":35,"column":16},"end":{"line":42,"column":null}},"line":35}},"branchMap":{},"s":{"0":5,"1":5,"2":25},"f":{"0":5,"1":25},"b":{},"meta":{"lastBranch":0,"lastFunction":2,"lastStatement":3,"seen":{"f:4:24:4:33":0,"s:5:22:5:Infinity":0,"s:7:2:92:Infinity":1,"f:34:16:34:21":1,"s:35:16:42:Infinity":2},"fnNames":{}}}
,"/Volumes/ACASIS BIWIN 1TB/Personal/Projects/chesteralan.github.io/src/components/Layout.tsx": {"path":"/Volumes/ACASIS BIWIN 1TB/Personal/Projects/chesteralan.github.io/src/components/Layout.tsx","statementMap":{"0":{"start":{"line":7,"column":2},"end":{"line":18,"column":null}}},"fnMap":{"0":{"name":"Layout","decl":{"start":{"line":6,"column":24},"end":{"line":6,"column":33}},"loc":{"start":{"line":6,"column":33},"end":{"line":20,"column":null}},"line":6}},"branchMap":{},"s":{"0":6},"f":{"0":6},"b":{},"meta":{"lastBranch":0,"lastFunction":1,"lastStatement":1,"seen":{"f:6:24:6:33":0,"s:7:2:18:Infinity":0},"fnNames":{}}}
,"/Volumes/ACASIS BIWIN 1TB/Personal/Projects/chesteralan.github.io/src/components/Navbar.tsx": {"path":"/Volumes/ACASIS BIWIN 1TB/Personal/Projects/chesteralan.github.io/src/components/Navbar.tsx","statementMap":{"0":{"start":{"line":7,"column":17},"end":{"line":13,"column":null}},"1":{"start":{"line":16,"column":17},"end":{"line":16,"column":null}},"2":{"start":{"line":17,"column":19},"end":{"line":17,"column":null}},"3":{"start":{"line":18,"column":8},"end":{"line":18,"column":null}},"4":{"start":{"line":20,"column":2},"end":{"line":24,"column":null}},"5":{"start":{"line":21,"column":10},"end":{"line":21,"column":null}},"6":{"start":{"line":21,"column":27},"end":{"line":21,"column":null}},"7":{"start":{"line":22,"column":4},"end":{"line":22,"column":null}},"8":{"start":{"line":23,"column":4},"end":{"line":23,"column":null}},"9":{"start":{"line":23,"column":17},"end":{"line":23,"column":null}},"10":{"start":{"line":26,"column":8},"end":{"line":26,"column":null}},"11":{"start":{"line":26,"column":26},"end":{"line":26,"column":null}},"12":{"start":{"line":28,"column":8},"end":{"line":31,"column":null}},"13":{"start":{"line":29,"column":10},"end":{"line":29,"column":null}},"14":{"start":{"line":30,"column":4},"end":{"line":30,"column":null}},"15":{"start":{"line":33,"column":2},"end":{"line":109,"column":null}},"16":{"start":{"line":55,"column":14},"end":{"line":65,"column":null}},"17":{"start":{"line":76,"column":29},"end":{"line":76,"column":null}},"18":{"start":{"line":94,"column":12},"end":{"line":105,"column":null}}},"fnMap":{"0":{"name":"Navbar","decl":{"start":{"line":15,"column":24},"end":{"line":15,"column":33}},"loc":{"start":{"line":15,"column":33},"end":{"line":111,"column":null}},"line":15},"1":{"name":"(anonymous_1)","decl":{"start":{"line":20,"column":2},"end":{"line":20,"column":18}},"loc":{"start":{"line":20,"column":18},"end":{"line":24,"column":5}},"line":20},"2":{"name":"(anonymous_2)","decl":{"start":{"line":21,"column":10},"end":{"line":21,"column":27}},"loc":{"start":{"line":21,"column":27},"end":{"line":21,"column":null}},"line":21},"3":{"name":"(anonymous_3)","decl":{"start":{"line":23,"column":4},"end":{"line":23,"column":17}},"loc":{"start":{"line":23,"column":17},"end":{"line":23,"column":null}},"line":23},"4":{"name":"(anonymous_4)","decl":{"start":{"line":26,"column":8},"end":{"line":26,"column":26}},"loc":{"start":{"line":26,"column":26},"end":{"line":26,"column":null}},"line":26},"5":{"name":"(anonymous_5)","decl":{"start":{"line":28,"column":8},"end":{"line":28,"column":20}},"loc":{"start":{"line":28,"column":37},"end":{"line":31,"column":null}},"line":28},"6":{"name":"(anonymous_6)","decl":{"start":{"line":54,"column":22},"end":{"line":54,"column":27}},"loc":{"start":{"line":55,"column":14},"end":{"line":65,"column":null}},"line":55},"7":{"name":"(anonymous_7)","decl":{"start":{"line":76,"column":14},"end":{"line":76,"column":29}},"loc":{"start":{"line":76,"column":29},"end":{"line":76,"column":null}},"line":76},"8":{"name":"(anonymous_8)","decl":{"start":{"line":93,"column":20},"end":{"line":93,"column":25}},"loc":{"start":{"line":94,"column":12},"end":{"line":105,"column":null}},"line":94}},"branchMap":{"0":{"loc":{"start":{"line":30,"column":11},"end":{"line":30,"column":null}},"type":"cond-expr","locations":[{"start":{"line":30,"column":26},"end":{"line":30,"column":38}},{"start":{"line":30,"column":38},"end":{"line":30,"column":null}}],"line":30},"1":{"loc":{"start":{"line":36,"column":8},"end":{"line":38,"column":null}},"type":"cond-expr","locations":[{"start":{"line":37,"column":12},"end":{"line":37,"column":null}},{"start":{"line":38,"column":12},"end":{"line":38,"column":null}}],"line":36},"2":{"loc":{"start":{"line":59,"column":18},"end":{"line":61,"column":null}},"type":"cond-expr","locations":[{"start":{"line":60,"column":22},"end":{"line":60,"column":null}},{"start":{"line":61,"column":22},"end":{"line":61,"column":null}}],"line":59},"3":{"loc":{"start":{"line":80,"column":15},"end":{"line":80,"column":null}},"type":"cond-expr","locations":[{"start":{"line":80,"column":24},"end":{"line":80,"column":53}},{"start":{"line":80,"column":52},"end":{"line":80,"column":null}}],"line":80},"4":{"loc":{"start":{"line":89,"column":10},"end":{"line":89,"column":null}},"type":"cond-expr","locations":[{"start":{"line":89,"column":19},"end":{"line":89,"column":44}},{"start":{"line":89,"column":44},"end":{"line":89,"column":null}}],"line":89},"5":{"loc":{"start":{"line":99,"column":16},"end":{"line":101,"column":null}},"type":"cond-expr","locations":[{"start":{"line":100,"column":20},"end":{"line":100,"column":null}},{"start":{"line":101,"column":20},"end":{"line":101,"column":null}}],"line":99}},"s":{"0":2,"1":14,"2":14,"3":14,"4":14,"5":8,"6":1,"7":8,"8":8,"9":8,"10":14,"11":1,"12":14,"13":140,"14":140,"15":14,"16":70,"17":3,"18":70},"f":{"0":14,"1":8,"2":1,"3":8,"4":1,"5":140,"6":70,"7":3,"8":70},"b":{"0":[28,112],"1":[1,13],"2":[14,56],"3":[2,12],"4":[2,12],"5":[14,56]},"meta":{"lastBranch":6,"lastFunction":9,"lastStatement":19,"seen":{"s:7:17:13:Infinity":0,"f:15:24:15:33":0,"s:16:17:16:Infinity":1,"s:17:19:17:Infinity":2,"s:18:8:18:Infinity":3,"s:20:2:24:Infinity":4,"f:20:2:20:18":1,"s:21:10:21:Infinity":5,"f:21:10:21:27":2,"s:21:27:21:Infinity":6,"s:22:4:22:Infinity":7,"s:23:4:23:Infinity":8,"f:23:4:23:17":3,"s:23:17:23:Infinity":9,"s:26:8:26:Infinity":10,"f:26:8:26:26":4,"s:26:26:26:Infinity":11,"s:28:8:31:Infinity":12,"f:28:8:28:20":5,"s:29:10:29:Infinity":13,"s:30:4:30:Infinity":14,"b:30:26:30:38:30:38:30:Infinity":0,"s:33:2:109:Infinity":15,"b:37:12:37:Infinity:38:12:38:Infinity":1,"f:54:22:54:27":6,"s:55:14:65:Infinity":16,"b:60:22:60:Infinity:61:22:61:Infinity":2,"f:76:14:76:29":7,"s:76:29:76:Infinity":17,"b:80:24:80:53:80:52:80:Infinity":3,"b:89:19:89:44:89:44:89:Infinity":4,"f:93:20:93:25":8,"s:94:12:105:Infinity":18,"b:100:20:100:Infinity:101:20:101:Infinity":5},"fnNames":{}}}
,"/Volumes/ACASIS BIWIN 1TB/Personal/Projects/chesteralan.github.io/src/components/ProjectCard.tsx": {"path":"/Volumes/ACASIS BIWIN 1TB/Personal/Projects/chesteralan.github.io/src/components/ProjectCard.tsx","statementMap":{"0":{"start":{"line":5,"column":2},"end":{"line":71,"column":null}},"1":{"start":{"line":10,"column":10},"end":{"line":12,"column":null}}},"fnMap":{"0":{"name":"ProjectCard","decl":{"start":{"line":4,"column":24},"end":{"line":4,"column":36}},"loc":{"start":{"line":4,"column":71},"end":{"line":73,"column":null}},"line":4},"1":{"name":"(anonymous_1)","decl":{"start":{"line":9,"column":34},"end":{"line":9,"column":39}},"loc":{"start":{"line":10,"column":10},"end":{"line":12,"column":null}},"line":10}},"branchMap":{"0":{"loc":{"start":{"line":28,"column":9},"end":{"line":37,"column":null}},"type":"binary-expr","locations":[{"start":{"line":28,"column":9},"end":{"line":28,"column":null}},{"start":{"line":29,"column":10},"end":{"line":37,"column":null}}],"line":28},"1":{"loc":{"start":{"line":39,"column":9},"end":{"line":48,"column":null}},"type":"binary-expr","locations":[{"start":{"line":39,"column":9},"end":{"line":39,"column":null}},{"start":{"line":40,"column":10},"end":{"line":48,"column":null}}],"line":39},"2":{"loc":{"start":{"line":50,"column":9},"end":{"line":59,"column":null}},"type":"binary-expr","locations":[{"start":{"line":50,"column":9},"end":{"line":50,"column":null}},{"start":{"line":51,"column":10},"end":{"line":59,"column":null}}],"line":50},"3":{"loc":{"start":{"line":64,"column":7},"end":{"line":69,"column":null}},"type":"binary-expr","locations":[{"start":{"line":64,"column":7},"end":{"line":64,"column":null}},{"start":{"line":65,"column":8},"end":{"line":69,"column":null}}],"line":64}},"s":{"0":26,"1":72},"f":{"0":26,"1":72},"b":{"0":[26,13],"1":[26,9],"2":[26,1],"3":[26,17]},"meta":{"lastBranch":4,"lastFunction":2,"lastStatement":2,"seen":{"f:4:24:4:36":0,"s:5:2:71:Infinity":0,"f:9:34:9:39":1,"s:10:10:12:Infinity":1,"b:28:9:28:Infinity:29:10:37:Infinity":0,"b:39:9:39:Infinity:40:10:48:Infinity":1,"b:50:9:50:Infinity:51:10:59:Infinity":2,"b:64:7:64:Infinity:65:8:69:Infinity":3},"fnNames":{}}}
,"/Volumes/ACASIS BIWIN 1TB/Personal/Projects/chesteralan.github.io/src/components/ScrollReveal.tsx": {"path":"/Volumes/ACASIS BIWIN 1TB/Personal/Projects/chesteralan.github.io/src/components/ScrollReveal.tsx","statementMap":{"0":{"start":{"line":10,"column":8},"end":{"line":10,"column":null}},"1":{"start":{"line":11,"column":18},"end":{"line":11,"column":null}},"2":{"start":{"line":13,"column":2},"end":{"line":30,"column":null}},"3":{"start":{"line":14,"column":15},"end":{"line":14,"column":null}},"4":{"start":{"line":18,"column":21},"end":{"line":26,"column":null}},"5":{"start":{"line":20,"column":8},"end":{"line":23,"column":null}},"6":{"start":{"line":21,"column":10},"end":{"line":21,"column":null}},"7":{"start":{"line":22,"column":10},"end":{"line":22,"column":null}},"8":{"start":{"line":28,"column":4},"end":{"line":28,"column":null}},"9":{"start":{"line":29,"column":4},"end":{"line":29,"column":null}},"10":{"start":{"line":29,"column":17},"end":{"line":29,"column":null}},"11":{"start":{"line":32,"column":2},"end":{"line":40,"column":null}}},"fnMap":{"0":{"name":"ScrollReveal","decl":{"start":{"line":3,"column":24},"end":{"line":3,"column":37}},"loc":{"start":{"line":9,"column":3},"end":{"line":42,"column":null}},"line":9},"1":{"name":"(anonymous_1)","decl":{"start":{"line":13,"column":2},"end":{"line":13,"column":18}},"loc":{"start":{"line":13,"column":18},"end":{"line":30,"column":5}},"line":13},"2":{"name":"(anonymous_2)","decl":{"start":{"line":18,"column":25},"end":{"line":18,"column":null}},"loc":{"start":{"line":19,"column":19},"end":{"line":24,"column":null}},"line":19},"3":{"name":"(anonymous_3)","decl":{"start":{"line":29,"column":4},"end":{"line":29,"column":17}},"loc":{"start":{"line":29,"column":17},"end":{"line":29,"column":null}},"line":29}},"branchMap":{"0":{"loc":{"start":{"line":5,"column":2},"end":{"line":5,"column":null}},"type":"default-arg","locations":[{"start":{"line":5,"column":14},"end":{"line":5,"column":null}}],"line":5},"1":{"loc":{"start":{"line":20,"column":8},"end":{"line":23,"column":null}},"type":"if","locations":[{"start":{"line":20,"column":8},"end":{"line":23,"column":null}},{"start":{},"end":{}}],"line":20},"2":{"loc":{"start":{"line":36,"column":8},"end":{"line":36,"column":null}},"type":"cond-expr","locations":[{"start":{"line":36,"column":18},"end":{"line":36,"column":48}},{"start":{"line":36,"column":48},"end":{"line":36,"column":null}}],"line":36}},"s":{"0":446,"1":446,"2":446,"3":189,"4":189,"5":186,"6":185,"7":185,"8":189,"9":189,"10":189,"11":446},"f":{"0":446,"1":189,"2":186,"3":189},"b":{"0":[446],"1":[185,1],"2":[257,189]},"meta":{"lastBranch":3,"lastFunction":4,"lastStatement":12,"seen":{"f:3:24:3:37":0,"b:5:14:5:Infinity":0,"s:10:8:10:Infinity":0,"s:11:18:11:Infinity":1,"s:13:2:30:Infinity":2,"f:13:2:13:18":1,"s:14:15:14:Infinity":3,"s:18:21:26:Infinity":4,"f:18:25:18:Infinity":2,"b:20:8:23:Infinity:undefined:undefined:undefined:undefined":1,"s:20:8:23:Infinity":5,"s:21:10:21:Infinity":6,"s:22:10:22:Infinity":7,"s:28:4:28:Infinity":8,"s:29:4:29:Infinity":9,"f:29:4:29:17":3,"s:29:17:29:Infinity":10,"s:32:2:40:Infinity":11,"b:36:18:36:48:36:48:36:Infinity":2},"fnNames":{}}}
,"/Volumes/ACASIS BIWIN 1TB/Personal/Projects/chesteralan.github.io/src/components/ScrollToTop.tsx": {"path":"/Volumes/ACASIS BIWIN 1TB/Personal/Projects/chesteralan.github.io/src/components/ScrollToTop.tsx","statementMap":{"0":{"start":{"line":5,"column":10},"end":{"line":5,"column":null}},"1":{"start":{"line":6,"column":2},"end":{"line":8,"column":null}},"2":{"start":{"line":7,"column":4},"end":{"line":7,"column":null}},"3":{"start":{"line":9,"column":2},"end":{"line":9,"column":null}}},"fnMap":{"0":{"name":"ScrollToTop","decl":{"start":{"line":4,"column":24},"end":{"line":4,"column":38}},"loc":{"start":{"line":4,"column":38},"end":{"line":10,"column":null}},"line":4},"1":{"name":"(anonymous_1)","decl":{"start":{"line":6,"column":2},"end":{"line":6,"column":18}},"loc":{"start":{"line":6,"column":18},"end":{"line":8,"column":5}},"line":6}},"branchMap":{},"s":{"0":4,"1":4,"2":3,"3":4},"f":{"0":4,"1":3},"b":{},"meta":{"lastBranch":0,"lastFunction":2,"lastStatement":4,"seen":{"f:4:24:4:38":0,"s:5:10:5:Infinity":0,"s:6:2:8:Infinity":1,"f:6:2:6:18":1,"s:7:4:7:Infinity":2,"s:9:2:9:Infinity":3},"fnNames":{}}}
,"/Volumes/ACASIS BIWIN 1TB/Personal/Projects/chesteralan.github.io/src/components/ThemeToggle.tsx": {"path":"/Volumes/ACASIS BIWIN 1TB/Personal/Projects/chesteralan.github.io/src/components/ThemeToggle.tsx","statementMap":{"0":{"start":{"line":5,"column":15},"end":{"line":16,"column":null}},"1":{"start":{"line":7,"column":4},"end":{"line":13,"column":null}},"2":{"start":{"line":8,"column":6},"end":{"line":11,"column":null}},"3":{"start":{"line":18,"column":2},"end":{"line":27,"column":null}},"4":{"start":{"line":19,"column":17},"end":{"line":19,"column":null}},"5":{"start":{"line":20,"column":4},"end":{"line":26,"column":null}},"6":{"start":{"line":21,"column":6},"end":{"line":21,"column":null}},"7":{"start":{"line":22,"column":6},"end":{"line":22,"column":null}},"8":{"start":{"line":24,"column":6},"end":{"line":24,"column":null}},"9":{"start":{"line":25,"column":6},"end":{"line":25,"column":null}},"10":{"start":{"line":29,"column":2},"end":{"line":47,"column":null}},"11":{"start":{"line":31,"column":21},"end":{"line":31,"column":null}}},"fnMap":{"0":{"name":"ThemeToggle","decl":{"start":{"line":4,"column":24},"end":{"line":4,"column":38}},"loc":{"start":{"line":4,"column":38},"end":{"line":49,"column":null}},"line":4},"1":{"name":"(anonymous_1)","decl":{"start":{"line":5,"column":26},"end":{"line":5,"column":41}},"loc":{"start":{"line":5,"column":41},"end":{"line":16,"column":3}},"line":5},"2":{"name":"(anonymous_2)","decl":{"start":{"line":18,"column":2},"end":{"line":18,"column":18}},"loc":{"start":{"line":18,"column":18},"end":{"line":27,"column":5}},"line":18},"3":{"name":"(anonymous_3)","decl":{"start":{"line":31,"column":6},"end":{"line":31,"column":21}},"loc":{"start":{"line":31,"column":21},"end":{"line":31,"column":null}},"line":31}},"branchMap":{"0":{"loc":{"start":{"line":7,"column":4},"end":{"line":13,"column":null}},"type":"if","locations":[{"start":{"line":7,"column":4},"end":{"line":13,"column":null}}],"line":7},"1":{"loc":{"start":{"line":9,"column":8},"end":{"line":11,"column":null}},"type":"binary-expr","locations":[{"start":{"line":9,"column":8},"end":{"line":9,"column":null}},{"start":{"line":10,"column":9},"end":{"line":10,"column":null}},{"start":{"line":11,"column":10},"end":{"line":11,"column":null}}],"line":9},"2":{"loc":{"start":{"line":20,"column":4},"end":{"line":26,"column":null}},"type":"if","locations":[{"start":{"line":20,"column":4},"end":{"line":26,"column":null}},{"start":{"line":23,"column":11},"end":{"line":26,"column":null}}],"line":20},"3":{"loc":{"start":{"line":38,"column":12},"end":{"line":38,"column":null}},"type":"cond-expr","locations":[{"start":{"line":38,"column":19},"end":{"line":38,"column":51}},{"start":{"line":38,"column":51},"end":{"line":38,"column":null}}],"line":38},"4":{"loc":{"start":{"line":43,"column":12},"end":{"line":43,"column":null}},"type":"cond-expr","locations":[{"start":{"line":43,"column":19},"end":{"line":43,"column":54}},{"start":{"line":43,"column":54},"end":{"line":43,"column":null}}],"line":43}},"s":{"0":10,"1":7,"2":7,"3":10,"4":10,"5":10,"6":2,"7":2,"8":8,"9":8,"10":10,"11":3},"f":{"0":10,"1":7,"2":10,"3":3},"b":{"0":[7],"1":[7,7,5],"2":[2,8],"3":[2,8],"4":[2,8]},"meta":{"lastBranch":5,"lastFunction":4,"lastStatement":12,"seen":{"f:4:24:4:38":0,"s:5:15:16:Infinity":0,"f:5:26:5:41":1,"b:7:4:13:Infinity":0,"s:7:4:13:Infinity":1,"s:8:6:11:Infinity":2,"b:9:8:9:Infinity:10:9:10:Infinity:11:10:11:Infinity":1,"s:18:2:27:Infinity":3,"f:18:2:18:18":2,"s:19:17:19:Infinity":4,"b:20:4:26:Infinity:23:11:26:Infinity":2,"s:20:4:26:Infinity":5,"s:21:6:21:Infinity":6,"s:22:6:22:Infinity":7,"s:24:6:24:Infinity":8,"s:25:6:25:Infinity":9,"s:29:2:47:Infinity":10,"f:31:6:31:21":3,"s:31:21:31:Infinity":11,"b:38:19:38:51:38:51:38:Infinity":3,"b:43:19:43:54:43:54:43:Infinity":4},"fnNames":{}}}
,"/Volumes/ACASIS BIWIN 1TB/Personal/Projects/chesteralan.github.io/src/data/portfolio.ts": {"path":"/Volumes/ACASIS BIWIN 1TB/Personal/Projects/chesteralan.github.io/src/data/portfolio.ts","statementMap":{"0":{"start":{"line":29,"column":35},"end":{"line":74,"column":null}},"1":{"start":{"line":76,"column":39},"end":{"line":101,"column":null}},"2":{"start":{"line":103,"column":31},"end":{"line":122,"column":null}},"3":{"start":{"line":124,"column":27},"end":{"line":129,"column":null}}},"fnMap":{},"branchMap":{},"s":{"0":7,"1":7,"2":7,"3":7},"f":{},"b":{},"meta":{"lastBranch":0,"lastFunction":0,"lastStatement":4,"seen":{"s:29:35:74:Infinity":0,"s:76:39:101:Infinity":1,"s:103:31:122:Infinity":2,"s:124:27:129:Infinity":3},"fnNames":{}}}
,"/Volumes/ACASIS BIWIN 1TB/Personal/Projects/chesteralan.github.io/src/lib/config.ts": {"path":"/Volumes/ACASIS BIWIN 1TB/Personal/Projects/chesteralan.github.io/src/lib/config.ts","statementMap":{"0":{"start":{"line":4,"column":25},"end":{"line":4,"column":null}},"1":{"start":{"line":8,"column":2},"end":{"line":8,"column":null}}},"fnMap":{"0":{"name":"stripBase","decl":{"start":{"line":7,"column":16},"end":{"line":7,"column":26}},"loc":{"start":{"line":7,"column":52},"end":{"line":9,"column":null}},"line":7}},"branchMap":{"0":{"loc":{"start":{"line":8,"column":9},"end":{"line":8,"column":null}},"type":"binary-expr","locations":[{"start":{"line":8,"column":9},"end":{"line":8,"column":44}},{"start":{"line":8,"column":44},"end":{"line":8,"column":null}}],"line":8}},"s":{"0":3,"1":143},"f":{"0":143},"b":{"0":[143,1]},"meta":{"lastBranch":1,"lastFunction":1,"lastStatement":2,"seen":{"s:4:25:4:Infinity":0,"f:7:16:7:26":0,"s:8:2:8:Infinity":1,"b:8:9:8:44:8:44:8:Infinity":0},"fnNames":{}}}
,"/Volumes/ACASIS BIWIN 1TB/Personal/Projects/chesteralan.github.io/src/pages/About.tsx": {"path":"/Volumes/ACASIS BIWIN 1TB/Personal/Projects/chesteralan.github.io/src/pages/About.tsx","statementMap":{"0":{"start":{"line":5,"column":19},"end":{"line":18,"column":null}},"1":{"start":{"line":20,"column":17},"end":{"line":41,"column":null}},"2":{"start":{"line":44,"column":2},"end":{"line":242,"column":null}},"3":{"start":{"line":156,"column":14},"end":{"line":184,"column":null}},"4":{"start":{"line":174,"column":22},"end":{"line":180,"column":null}},"5":{"start":{"line":203,"column":16},"end":{"line":219,"column":null}},"6":{"start":{"line":235,"column":14},"end":{"line":237,"column":null}}},"fnMap":{"0":{"name":"About","decl":{"start":{"line":43,"column":24},"end":{"line":43,"column":32}},"loc":{"start":{"line":43,"column":32},"end":{"line":244,"column":null}},"line":43},"1":{"name":"(anonymous_1)","decl":{"start":{"line":155,"column":24},"end":{"line":155,"column":29}},"loc":{"start":{"line":156,"column":14},"end":{"line":184,"column":null}},"line":156},"2":{"name":"(anonymous_2)","decl":{"start":{"line":173,"column":36},"end":{"line":173,"column":41}},"loc":{"start":{"line":174,"column":22},"end":{"line":180,"column":null}},"line":174},"3":{"name":"(anonymous_3)","decl":{"start":{"line":202,"column":24},"end":{"line":202,"column":29}},"loc":{"start":{"line":203,"column":16},"end":{"line":219,"column":null}},"line":203},"4":{"name":"(anonymous_4)","decl":{"start":{"line":234,"column":20},"end":{"line":234,"column":25}},"loc":{"start":{"line":235,"column":14},"end":{"line":237,"column":null}},"line":235}},"branchMap":{},"s":{"0":2,"1":2,"2":4,"3":4,"4":12,"5":16,"6":72},"f":{"0":4,"1":4,"2":12,"3":16,"4":72},"b":{},"meta":{"lastBranch":0,"lastFunction":5,"lastStatement":7,"seen":{"s:5:19:18:Infinity":0,"s:20:17:41:Infinity":1,"f:43:24:43:32":0,"s:44:2:242:Infinity":2,"f:155:24:155:29":1,"s:156:14:184:Infinity":3,"f:173:36:173:41":2,"s:174:22:180:Infinity":4,"f:202:24:202:29":3,"s:203:16:219:Infinity":5,"f:234:20:234:25":4,"s:235:14:237:Infinity":6},"fnNames":{}}}
,"/Volumes/ACASIS BIWIN 1TB/Personal/Projects/chesteralan.github.io/src/pages/Contact.tsx": {"path":"/Volumes/ACASIS BIWIN 1TB/Personal/Projects/chesteralan.github.io/src/pages/Contact.tsx","statementMap":{"0":{"start":{"line":10,"column":19},"end":{"line":16,"column":null}},"1":{"start":{"line":17,"column":17},"end":{"line":17,"column":null}},"2":{"start":{"line":18,"column":19},"end":{"line":18,"column":null}},"3":{"start":{"line":20,"column":22},"end":{"line":20,"column":null}},"4":{"start":{"line":22,"column":8},"end":{"line":24,"column":null}},"5":{"start":{"line":23,"column":4},"end":{"line":23,"column":null}},"6":{"start":{"line":23,"column":27},"end":{"line":23,"column":72}},"7":{"start":{"line":26,"column":23},"end":{"line":70,"column":null}},"8":{"start":{"line":27,"column":4},"end":{"line":27,"column":null}},"9":{"start":{"line":29,"column":4},"end":{"line":29,"column":null}},"10":{"start":{"line":29,"column":26},"end":{"line":29,"column":null}},"11":{"start":{"line":31,"column":4},"end":{"line":35,"column":null}},"12":{"start":{"line":32,"column":6},"end":{"line":32,"column":null}},"13":{"start":{"line":33,"column":6},"end":{"line":33,"column":null}},"14":{"start":{"line":34,"column":6},"end":{"line":34,"column":null}},"15":{"start":{"line":37,"column":4},"end":{"line":41,"column":null}},"16":{"start":{"line":38,"column":6},"end":{"line":38,"column":null}},"17":{"start":{"line":39,"column":6},"end":{"line":39,"column":null}},"18":{"start":{"line":40,"column":6},"end":{"line":40,"column":null}},"19":{"start":{"line":43,"column":4},"end":{"line":43,"column":null}},"20":{"start":{"line":44,"column":4},"end":{"line":44,"column":null}},"21":{"start":{"line":46,"column":4},"end":{"line":69,"column":null}},"22":{"start":{"line":48,"column":8},"end":{"line":49,"column":null}},"23":{"start":{"line":51,"column":23},"end":{"line":61,"column":null}},"24":{"start":{"line":63,"column":6},"end":{"line":63,"column":null}},"25":{"start":{"line":63,"column":24},"end":{"line":63,"column":null}},"26":{"start":{"line":64,"column":6},"end":{"line":64,"column":null}},"27":{"start":{"line":65,"column":6},"end":{"line":65,"column":null}},"28":{"start":{"line":67,"column":6},"end":{"line":67,"column":null}},"29":{"start":{"line":68,"column":6},"end":{"line":68,"column":null}},"30":{"start":{"line":72,"column":2},"end":{"line":295,"column":null}}},"fnMap":{"0":{"name":"Contact","decl":{"start":{"line":9,"column":24},"end":{"line":9,"column":34}},"loc":{"start":{"line":9,"column":34},"end":{"line":297,"column":null}},"line":9},"1":{"name":"(anonymous_1)","decl":{"start":{"line":22,"column":8},"end":{"line":22,"column":24}},"loc":{"start":{"line":22,"column":89},"end":{"line":24,"column":null}},"line":22},"2":{"name":"(anonymous_2)","decl":{"start":{"line":23,"column":4},"end":{"line":23,"column":17}},"loc":{"start":{"line":23,"column":27},"end":{"line":23,"column":72}},"line":23},"3":{"name":"(anonymous_3)","decl":{"start":{"line":26,"column":23},"end":{"line":26,"column":30}},"loc":{"start":{"line":26,"column":53},"end":{"line":70,"column":null}},"line":26}},"branchMap":{"0":{"loc":{"start":{"line":29,"column":4},"end":{"line":29,"column":null}},"type":"if","locations":[{"start":{"line":29,"column":4},"end":{"line":29,"column":null}},{"start":{},"end":{}}],"line":29},"1":{"loc":{"start":{"line":31,"column":4},"end":{"line":35,"column":null}},"type":"if","locations":[{"start":{"line":31,"column":4},"end":{"line":35,"column":null}},{"start":{},"end":{}}],"line":31},"2":{"loc":{"start":{"line":31,"column":8},"end":{"line":31,"column":64}},"type":"binary-expr","locations":[{"start":{"line":31,"column":8},"end":{"line":31,"column":26}},{"start":{"line":31,"column":26},"end":{"line":31,"column":45}},{"start":{"line":31,"column":45},"end":{"line":31,"column":64}}],"line":31},"3":{"loc":{"start":{"line":37,"column":4},"end":{"line":41,"column":null}},"type":"if","locations":[{"start":{"line":37,"column":4},"end":{"line":41,"column":null}},{"start":{},"end":{}}],"line":37},"4":{"loc":{"start":{"line":48,"column":8},"end":{"line":49,"column":null}},"type":"binary-expr","locations":[{"start":{"line":48,"column":8},"end":{"line":48,"column":null}},{"start":{"line":49,"column":8},"end":{"line":49,"column":null}}],"line":48},"5":{"loc":{"start":{"line":49,"column":31},"end":{"line":49,"column":93}},"type":"binary-expr","locations":[{"start":{"line":49,"column":31},"end":{"line":49,"column":75}},{"start":{"line":49,"column":75},"end":{"line":49,"column":93}}],"line":49},"6":{"loc":{"start":{"line":57,"column":19},"end":{"line":57,"column":null}},"type":"binary-expr","locations":[{"start":{"line":57,"column":19},"end":{"line":57,"column":39}},{"start":{"line":57,"column":39},"end":{"line":57,"column":null}}],"line":57},"7":{"loc":{"start":{"line":63,"column":6},"end":{"line":63,"column":null}},"type":"if","locations":[{"start":{"line":63,"column":6},"end":{"line":63,"column":null}},{"start":{},"end":{}}],"line":63},"8":{"loc":{"start":{"line":251,"column":19},"end":{"line":262,"column":null}},"type":"binary-expr","locations":[{"start":{"line":251,"column":19},"end":{"line":251,"column":null}},{"start":{"line":252,"column":20},"end":{"line":262,"column":null}}],"line":251},"9":{"loc":{"start":{"line":265,"column":19},"end":{"line":269,"column":null}},"type":"binary-expr","locations":[{"start":{"line":265,"column":19},"end":{"line":265,"column":null}},{"start":{"line":266,"column":20},"end":{"line":269,"column":null}}],"line":265},"10":{"loc":{"start":{"line":277,"column":21},"end":{"line":286,"column":null}},"type":"cond-expr","locations":[{"start":{"line":278,"column":22},"end":{"line":283,"column":null}},{"start":{"line":283,"column":22},"end":{"line":286,"column":null}}],"line":277}},"s":{"0":33,"1":33,"2":33,"3":33,"4":33,"5":16,"6":16,"7":33,"8":6,"9":6,"10":1,"11":5,"12":1,"13":1,"14":1,"15":4,"16":1,"17":1,"18":1,"19":3,"20":3,"21":3,"22":3,"23":6,"24":2,"25":1,"26":1,"27":1,"28":2,"29":2,"30":33},"f":{"0":33,"1":16,"2":16,"3":6},"b":{"0":[1,5],"1":[1,4],"2":[5,4,4],"3":[1,3],"4":[3,3],"5":[3,3],"6":[6,3],"7":[1,1],"8":[33,1],"9":[33,4],"10":[3,30]},"meta":{"lastBranch":11,"lastFunction":4,"lastStatement":31,"seen":{"f:9:24:9:34":0,"s:10:19:16:Infinity":0,"s:17:17:17:Infinity":1,"s:18:19:18:Infinity":2,"s:20:22:20:Infinity":3,"s:22:8:24:Infinity":4,"f:22:8:22:24":1,"s:23:4:23:Infinity":5,"f:23:4:23:17":2,"s:23:27:23:72":6,"s:26:23:70:Infinity":7,"f:26:23:26:30":3,"s:27:4:27:Infinity":8,"b:29:4:29:Infinity:undefined:undefined:undefined:undefined":0,"s:29:4:29:Infinity":9,"s:29:26:29:Infinity":10,"b:31:4:35:Infinity:undefined:undefined:undefined:undefined":1,"s:31:4:35:Infinity":11,"b:31:8:31:26:31:26:31:45:31:45:31:64":2,"s:32:6:32:Infinity":12,"s:33:6:33:Infinity":13,"s:34:6:34:Infinity":14,"b:37:4:41:Infinity:undefined:undefined:undefined:undefined":3,"s:37:4:41:Infinity":15,"s:38:6:38:Infinity":16,"s:39:6:39:Infinity":17,"s:40:6:40:Infinity":18,"s:43:4:43:Infinity":19,"s:44:4:44:Infinity":20,"s:46:4:69:Infinity":21,"s:48:8:49:Infinity":22,"b:48:8:48:Infinity:49:8:49:Infinity":4,"b:49:31:49:75:49:75:49:93":5,"s:51:23:61:Infinity":23,"b:57:19:57:39:57:39:57:Infinity":6,"b:63:6:63:Infinity:undefined:undefined:undefined:undefined":7,"s:63:6:63:Infinity":24,"s:63:24:63:Infinity":25,"s:64:6:64:Infinity":26,"s:65:6:65:Infinity":27,"s:67:6:67:Infinity":28,"s:68:6:68:Infinity":29,"s:72:2:295:Infinity":30,"b:251:19:251:Infinity:252:20:262:Infinity":8,"b:265:19:265:Infinity:266:20:269:Infinity":9,"b:278:22:283:Infinity:283:22:286:Infinity":10},"fnNames":{}}}
,"/Volumes/ACASIS BIWIN 1TB/Personal/Projects/chesteralan.github.io/src/pages/Extensions.tsx": {"path":"/Volumes/ACASIS BIWIN 1TB/Personal/Projects/chesteralan.github.io/src/pages/Extensions.tsx","statementMap":{"0":{"start":{"line":6,"column":2},"end":{"line":66,"column":null}},"1":{"start":{"line":24,"column":14},"end":{"line":61,"column":null}},"2":{"start":{"line":49,"column":22},"end":{"line":51,"column":null}}},"fnMap":{"0":{"name":"Extensions","decl":{"start":{"line":5,"column":24},"end":{"line":5,"column":37}},"loc":{"start":{"line":5,"column":37},"end":{"line":68,"column":null}},"line":5},"1":{"name":"(anonymous_1)","decl":{"start":{"line":23,"column":24},"end":{"line":23,"column":29}},"loc":{"start":{"line":24,"column":14},"end":{"line":61,"column":null}},"line":24},"2":{"name":"(anonymous_2)","decl":{"start":{"line":48,"column":30},"end":{"line":48,"column":35}},"loc":{"start":{"line":49,"column":22},"end":{"line":51,"column":null}},"line":49}},"branchMap":{},"s":{"0":2,"1":6,"2":22},"f":{"0":2,"1":6,"2":22},"b":{},"meta":{"lastBranch":0,"lastFunction":3,"lastStatement":3,"seen":{"f:5:24:5:37":0,"s:6:2:66:Infinity":0,"f:23:24:23:29":1,"s:24:14:61:Infinity":1,"f:48:30:48:35":2,"s:49:22:51:Infinity":2},"fnNames":{}}}
,"/Volumes/ACASIS BIWIN 1TB/Personal/Projects/chesteralan.github.io/src/pages/Home.tsx": {"path":"/Volumes/ACASIS BIWIN 1TB/Personal/Projects/chesteralan.github.io/src/pages/Home.tsx","statementMap":{"0":{"start":{"line":7,"column":24},"end":{"line":28,"column":null}},"1":{"start":{"line":31,"column":27},"end":{"line":31,"column":null}},"2":{"start":{"line":31,"column":50},"end":{"line":31,"column":60}},"3":{"start":{"line":33,"column":2},"end":{"line":179,"column":null}},"4":{"start":{"line":111,"column":14},"end":{"line":115,"column":null}},"5":{"start":{"line":137,"column":14},"end":{"line":154,"column":null}},"6":{"start":{"line":146,"column":37},"end":{"line":146,"column":59}},"7":{"start":{"line":148,"column":24},"end":{"line":150,"column":null}}},"fnMap":{"0":{"name":"Home","decl":{"start":{"line":30,"column":24},"end":{"line":30,"column":31}},"loc":{"start":{"line":30,"column":31},"end":{"line":181,"column":null}},"line":30},"1":{"name":"(anonymous_1)","decl":{"start":{"line":31,"column":36},"end":{"line":31,"column":44}},"loc":{"start":{"line":31,"column":50},"end":{"line":31,"column":60}},"line":31},"2":{"name":"(anonymous_2)","decl":{"start":{"line":110,"column":30},"end":{"line":110,"column":35}},"loc":{"start":{"line":111,"column":14},"end":{"line":115,"column":null}},"line":111},"3":{"name":"(anonymous_3)","decl":{"start":{"line":136,"column":29},"end":{"line":136,"column":34}},"loc":{"start":{"line":137,"column":14},"end":{"line":154,"column":null}},"line":137},"4":{"name":"(anonymous_4)","decl":{"start":{"line":146,"column":23},"end":{"line":146,"column":31}},"loc":{"start":{"line":146,"column":37},"end":{"line":146,"column":59}},"line":146},"5":{"name":"(anonymous_5)","decl":{"start":{"line":147,"column":23},"end":{"line":147,"column":28}},"loc":{"start":{"line":148,"column":24},"end":{"line":150,"column":null}},"line":148}},"branchMap":{},"s":{"0":2,"1":6,"2":24,"3":6,"4":12,"5":24,"6":432,"7":108},"f":{"0":6,"1":24,"2":12,"3":24,"4":432,"5":108},"b":{},"meta":{"lastBranch":0,"lastFunction":6,"lastStatement":8,"seen":{"s:7:24:28:Infinity":0,"f:30:24:30:31":0,"s:31:27:31:Infinity":1,"f:31:36:31:44":1,"s:31:50:31:60":2,"s:33:2:179:Infinity":3,"f:110:30:110:35":2,"s:111:14:115:Infinity":4,"f:136:29:136:34":3,"s:137:14:154:Infinity":5,"f:146:23:146:31":4,"s:146:37:146:59":6,"f:147:23:147:28":5,"s:148:24:150:Infinity":7},"fnNames":{}}}
,"/Volumes/ACASIS BIWIN 1TB/Personal/Projects/chesteralan.github.io/src/pages/NotFound.tsx": {"path":"/Volumes/ACASIS BIWIN 1TB/Personal/Projects/chesteralan.github.io/src/pages/NotFound.tsx","statementMap":{"0":{"start":{"line":6,"column":2},"end":{"line":20,"column":null}}},"fnMap":{"0":{"name":"NotFound","decl":{"start":{"line":5,"column":24},"end":{"line":5,"column":35}},"loc":{"start":{"line":5,"column":35},"end":{"line":22,"column":null}},"line":5}},"branchMap":{},"s":{"0":3},"f":{"0":3},"b":{},"meta":{"lastBranch":0,"lastFunction":1,"lastStatement":1,"seen":{"f:5:24:5:35":0,"s:6:2:20:Infinity":0},"fnNames":{}}}
,"/Volumes/ACASIS BIWIN 1TB/Personal/Projects/chesteralan.github.io/src/pages/Projects.tsx": {"path":"/Volumes/ACASIS BIWIN 1TB/Personal/Projects/chesteralan.github.io/src/pages/Projects.tsx","statementMap":{"0":{"start":{"line":6,"column":2},"end":{"line":31,"column":null}},"1":{"start":{"line":24,"column":14},"end":{"line":26,"column":null}}},"fnMap":{"0":{"name":"Projects","decl":{"start":{"line":5,"column":24},"end":{"line":5,"column":35}},"loc":{"start":{"line":5,"column":35},"end":{"line":33,"column":null}},"line":5},"1":{"name":"(anonymous_1)","decl":{"start":{"line":23,"column":22},"end":{"line":23,"column":27}},"loc":{"start":{"line":24,"column":14},"end":{"line":26,"column":null}},"line":24}},"branchMap":{},"s":{"0":2,"1":8},"f":{"0":2,"1":8},"b":{},"meta":{"lastBranch":0,"lastFunction":2,"lastStatement":2,"seen":{"f:5:24:5:35":0,"s:6:2:31:Infinity":0,"f:23:22:23:27":1,"s:24:14:26:Infinity":1},"fnNames":{}}}
}
